<?xml version="1.0" encoding="UTF-8"?>
<testng-results skipped="0" failed="0" ignored="0" total="1" passed="1">
  <reporter-output>
  </reporter-output>
  <suite name="Suite" duration-ms="6934" started-at="2019-06-05T18:29:52Z" finished-at="2019-06-05T18:29:59Z">
    <groups>
    </groups>
    <test name="Test" duration-ms="6934" started-at="2019-06-05T18:29:52Z" finished-at="2019-06-05T18:29:59Z">
      <class name="com.test.TestngDemo">
        <test-method status="PASS" signature="f()[pri:0, instance:com.test.TestngDemo@6f79caec]" name="f" duration-ms="6907" started-at="2019-06-05T18:29:52Z" finished-at="2019-06-05T18:29:59Z">
          <reporter-output>
          </reporter-output>
        </test-method> <!-- f -->
      </class> <!-- com.test.TestngDemo -->
    </test> <!-- Test -->
  </suite> <!-- Suite -->
</testng-results>
